0 info it worked if it ends with ok
1 verbose cli [ '/usr/bin/node', '/usr/bin/npm', 'install', '-g', 'mongoose' ]
2 info using npm@1.4.28
3 info using node@v0.10.37
4 verbose node symlink /usr/bin/node
5 verbose cache add [ 'mongoose', null ]
6 verbose cache add name=undefined spec="mongoose" args=["mongoose",null]
7 verbose parsed url { protocol: null,
7 verbose parsed url   slashes: null,
7 verbose parsed url   auth: null,
7 verbose parsed url   host: null,
7 verbose parsed url   port: null,
7 verbose parsed url   hostname: null,
7 verbose parsed url   hash: null,
7 verbose parsed url   search: null,
7 verbose parsed url   query: null,
7 verbose parsed url   pathname: 'mongoose',
7 verbose parsed url   path: 'mongoose',
7 verbose parsed url   href: 'mongoose' }
8 silly lockFile f25dbdd3-mongoose mongoose
9 verbose lock mongoose /home/matthias/.npm/f25dbdd3-mongoose.lock
10 silly lockFile f25dbdd3-mongoose mongoose
11 silly lockFile f25dbdd3-mongoose mongoose
12 verbose addNamed [ 'mongoose', '' ]
13 verbose addNamed [ null, '*' ]
14 silly lockFile 3bb0fc31-mongoose mongoose@
15 verbose lock mongoose@ /home/matthias/.npm/3bb0fc31-mongoose.lock
16 silly addNameRange { name: 'mongoose', range: '*', hasData: false }
17 verbose request where is /mongoose
18 verbose request registry https://registry.npmjs.org/
19 verbose request id 168afeecc6e68724
20 verbose url raw /mongoose
21 verbose url resolving [ 'https://registry.npmjs.org/', './mongoose' ]
22 verbose url resolved https://registry.npmjs.org/mongoose
23 verbose request where is https://registry.npmjs.org/mongoose
24 info trying registry request attempt 1 at 19:35:23
25 verbose etag "B7DGJPA9F5WABMZ4RQ1GZP3BC"
26 http GET https://registry.npmjs.org/mongoose
27 http 200 https://registry.npmjs.org/mongoose
28 silly registry.get cb [ 200,
28 silly registry.get   { date: 'Thu, 26 Mar 2015 18:35:24 GMT',
28 silly registry.get     server: 'CouchDB/1.5.0 (Erlang OTP/R16B03)',
28 silly registry.get     etag: '"DCIMV05E6YAHO93R982A87311"',
28 silly registry.get     'content-type': 'application/json',
28 silly registry.get     'cache-control': 'max-age=60',
28 silly registry.get     'content-length': '305440',
28 silly registry.get     'accept-ranges': 'bytes',
28 silly registry.get     via: '1.1 varnish',
28 silly registry.get     age: '0',
28 silly registry.get     'x-served-by': 'cache-fra1241-FRA',
28 silly registry.get     'x-cache': 'HIT',
28 silly registry.get     'x-cache-hits': '1',
28 silly registry.get     'x-timer': 'S1427394923.447184,VS0,VE712',
28 silly registry.get     vary: 'Accept',
28 silly registry.get     'keep-alive': 'timeout=10, max=50',
28 silly registry.get     connection: 'Keep-Alive' } ]
29 silly addNameRange number 2 { name: 'mongoose', range: '*', hasData: true }
30 silly addNameRange versions [ 'mongoose',
30 silly addNameRange   [ '0.0.1',
30 silly addNameRange     '0.0.2',
30 silly addNameRange     '0.0.3',
30 silly addNameRange     '0.0.4',
30 silly addNameRange     '0.0.5',
30 silly addNameRange     '1.0.0',
30 silly addNameRange     '1.0.1',
30 silly addNameRange     '1.0.2',
30 silly addNameRange     '0.0.6',
30 silly addNameRange     '1.0.3',
30 silly addNameRange     '1.0.4',
30 silly addNameRange     '1.0.5',
30 silly addNameRange     '1.0.6',
30 silly addNameRange     '1.0.7',
30 silly addNameRange     '1.0.8',
30 silly addNameRange     '1.0.10',
30 silly addNameRange     '1.0.11',
30 silly addNameRange     '1.0.12',
30 silly addNameRange     '1.0.13',
30 silly addNameRange     '1.0.14',
30 silly addNameRange     '1.0.15',
30 silly addNameRange     '1.0.16',
30 silly addNameRange     '1.1.0',
30 silly addNameRange     '1.1.1',
30 silly addNameRange     '1.1.2',
30 silly addNameRange     '1.1.3',
30 silly addNameRange     '1.1.4',
30 silly addNameRange     '1.1.5',
30 silly addNameRange     '1.1.6',
30 silly addNameRange     '1.1.7',
30 silly addNameRange     '1.1.8',
30 silly addNameRange     '1.1.9',
30 silly addNameRange     '1.1.10',
30 silly addNameRange     '1.1.11',
30 silly addNameRange     '1.1.12',
30 silly addNameRange     '1.1.13',
30 silly addNameRange     '1.1.14',
30 silly addNameRange     '1.1.15',
30 silly addNameRange     '1.1.16',
30 silly addNameRange     '1.1.17',
30 silly addNameRange     '1.1.18',
30 silly addNameRange     '1.1.19',
30 silly addNameRange     '1.1.20',
30 silly addNameRange     '1.1.21',
30 silly addNameRange     '1.1.22',
30 silly addNameRange     '1.1.23',
30 silly addNameRange     '1.1.24',
30 silly addNameRange     '1.1.25',
30 silly addNameRange     '1.2.0',
30 silly addNameRange     '1.3.0',
30 silly addNameRange     '1.3.1',
30 silly addNameRange     '1.3.2',
30 silly addNameRange     '1.3.3',
30 silly addNameRange     '1.3.4',
30 silly addNameRange     '1.3.5',
30 silly addNameRange     '1.3.6',
30 silly addNameRange     '1.3.7',
30 silly addNameRange     '1.4.0',
30 silly addNameRange     '1.5.0',
30 silly addNameRange     '1.6.0',
30 silly addNameRange     '1.7.2',
30 silly addNameRange     '1.7.3',
30 silly addNameRange     '1.7.4',
30 silly addNameRange     '1.8.0',
30 silly addNameRange     '1.8.1',
30 silly addNameRange     '1.8.2',
30 silly addNameRange     '1.8.3',
30 silly addNameRange     '1.8.4',
30 silly addNameRange     '2.0.0',
30 silly addNameRange     '2.0.1',
30 silly addNameRange     '2.0.2',
30 silly addNameRange     '2.0.3',
30 silly addNameRange     '2.0.4',
30 silly addNameRange     '2.1.0',
30 silly addNameRange     '2.1.1',
30 silly addNameRange     '2.1.2',
30 silly addNameRange     '2.1.3',
30 silly addNameRange     '2.1.4',
30 silly addNameRange     '2.2.0',
30 silly addNameRange     '2.2.1',
30 silly addNameRange     '2.2.2',
30 silly addNameRange     '2.2.3',
30 silly addNameRange     '2.2.4',
30 silly addNameRange     '2.3.0',
30 silly addNameRange     '2.3.1',
30 silly addNameRange     '2.3.2',
30 silly addNameRange     '2.3.3',
30 silly addNameRange     '2.3.4',
30 silly addNameRange     '2.3.5',
30 silly addNameRange     '2.3.6',
30 silly addNameRange     '2.3.7',
30 silly addNameRange     '2.3.8',
30 silly addNameRange     '2.3.9',
30 silly addNameRange     '2.3.10',
30 silly addNameRange     '2.3.11',
30 silly addNameRange     '2.3.12',
30 silly addNameRange     '2.3.13',
30 silly addNameRange     '2.4.0',
30 silly addNameRange     '2.4.1',
30 silly addNameRange     '2.4.2',
30 silly addNameRange     '2.4.3',
30 silly addNameRange     '2.4.4',
30 silly addNameRange     '2.4.5',
30 silly addNameRange     '2.4.6',
30 silly addNameRange     '2.4.7',
30 silly addNameRange     '2.4.8',
30 silly addNameRange     '2.4.9',
30 silly addNameRange     '2.4.10',
30 silly addNameRange     '2.5.0',
30 silly addNameRange     '2.5.1',
30 silly addNameRange     '2.5.2',
30 silly addNameRange     '2.5.3',
30 silly addNameRange     '2.5.4',
30 silly addNameRange     '2.5.5',
30 silly addNameRange     '2.5.6',
30 silly addNameRange     '2.5.7',
30 silly addNameRange     '2.5.8',
30 silly addNameRange     '2.5.9',
30 silly addNameRange     '2.5.10',
30 silly addNameRange     '2.5.11',
30 silly addNameRange     '2.5.12',
30 silly addNameRange     '2.5.13',
30 silly addNameRange     '2.5.14',
30 silly addNameRange     '2.6.0',
30 silly addNameRange     '2.6.1',
30 silly addNameRange     '2.6.2',
30 silly addNameRange     '2.6.3',
30 silly addNameRange     '2.6.4',
30 silly addNameRange     '2.6.5',
30 silly addNameRange     '2.6.6',
30 silly addNameRange     '2.6.7',
30 silly addNameRange     '2.6.8',
30 silly addNameRange     '2.7.0',
30 silly addNameRange     '2.7.1',
30 silly addNameRange     '2.7.2',
30 silly addNameRange     '2.7.4',
30 silly addNameRange     '2.7.3',
30 silly addNameRange     '3.0.0',
30 silly addNameRange     '3.0.1',
30 silly addNameRange     '3.0.2',
30 silly addNameRange     '2.8.0',
30 silly addNameRange     '3.0.3',
30 silly addNameRange     '3.1.0',
30 silly addNameRange     '2.8.1',
30 silly addNameRange     '3.1.1',
30 silly addNameRange     '2.8.2',
30 silly addNameRange     '2.8.3',
30 silly addNameRange     '2.9.0',
30 silly addNameRange     '3.2.0',
30 silly addNameRange     '2.9.1',
30 silly addNameRange     '3.2.1',
30 silly addNameRange     '2.9.2',
30 silly addNameRange     '3.2.2',
30 silly addNameRange     '3.3.0',
30 silly addNameRange     '3.3.1',
30 silly addNameRange     '2.9.3',
30 silly addNameRange     '3.4.0',
30 silly addNameRange     '2.9.4',
30 silly addNameRange     '2.9.5',
30 silly addNameRange     '3.5.0',
30 silly addNameRange     '3.5.1',
30 silly addNameRange     '3.5.2',
30 silly addNameRange     '3.5.3',
30 silly addNameRange     '2.9.6',
30 silly addNameRange     '2.9.7',
30 silly addNameRange     '3.5.4',
30 silly addNameRange     '3.5.5',
30 silly addNameRange     '2.9.8',
30 silly addNameRange     '2.9.9',
30 silly addNameRange     '3.5.6',
30 silly addNameRange     '3.5.7',
30 silly addNameRange     '3.5.8',
30 silly addNameRange     '2.9.10',
30 silly addNameRange     '3.5.9',
30 silly addNameRange     '3.6.2',
30 silly addNameRange     '3.5.10',
30 silly addNameRange     '3.6.3',
30 silly addNameRange     '3.5.11',
30 silly addNameRange     '3.6.4',
30 silly addNameRange     '3.6.5',
30 silly addNameRange     '3.6.6',
30 silly addNameRange     '3.6.7',
30 silly addNameRange     '3.5.12',
30 silly addNameRange     '3.6.8',
30 silly addNameRange     '3.6.9',
30 silly addNameRange     '3.6.10',
30 silly addNameRange     '3.5.13',
30 silly addNameRange     '3.5.14',
30 silly addNameRange     '3.6.11',
30 silly addNameRange     '3.6.12',
30 silly addNameRange     '3.6.13',
30 silly addNameRange     '3.6.14',
30 silly addNameRange     '3.6.15',
30 silly addNameRange     '3.5.15',
30 silly addNameRange     '3.7.0',
30 silly addNameRange     '3.6.16',
30 silly addNameRange     '3.5.16',
30 silly addNameRange     '3.6.17',
30 silly addNameRange     '3.7.2',
30 silly addNameRange     '3.0.0-alpha1',
30 silly addNameRange     '3.0.0-alpha2',
30 silly addNameRange     '3.0.0-rc0',
30 silly addNameRange     '3.6.0-rc0',
30 silly addNameRange     '3.6.0-rc1',
30 silly addNameRange     '3.6.18',
30 silly addNameRange     '3.7.3',
30 silly addNameRange     '3.6.19',
30 silly addNameRange     '3.6.20',
30 silly addNameRange     '3.7.4',
30 silly addNameRange     '3.8.0',
30 silly addNameRange     '3.8.1',
30 silly addNameRange     '3.8.2',
30 silly addNameRange     '3.8.3',
30 silly addNameRange     '3.8.4',
30 silly addNameRange     '3.8.5',
30 silly addNameRange     '3.8.6',
30 silly addNameRange     '3.8.7',
30 silly addNameRange     '3.8.8',
30 silly addNameRange     '3.8.9',
30 silly addNameRange     '3.8.10',
30 silly addNameRange     '3.8.11',
30 silly addNameRange     '3.9.0',
30 silly addNameRange     '3.8.12',
30 silly addNameRange     '3.8.13',
30 silly addNameRange     '3.8.14',
30 silly addNameRange     '3.8.15',
30 silly addNameRange     '3.9.1',
30 silly addNameRange     '3.8.16',
30 silly addNameRange     '3.9.2',
30 silly addNameRange     '3.8.17',
30 silly addNameRange     '3.9.3',
30 silly addNameRange     '3.8.18',
30 silly addNameRange     '3.9.4',
30 silly addNameRange     '3.8.19',
30 silly addNameRange     '3.9.5',
30 silly addNameRange     '3.8.20',
30 silly addNameRange     '3.9.6',
30 silly addNameRange     '3.8.21',
30 silly addNameRange     '3.9.7',
30 silly addNameRange     '3.8.22',
30 silly addNameRange     '4.0.0-rc0',
30 silly addNameRange     '4.0.0-rc1',
30 silly addNameRange     '3.8.23',
30 silly addNameRange     '4.0.0-rc2',
30 silly addNameRange     '3.8.24',
30 silly addNameRange     '4.0.0-rc3',
30 silly addNameRange     '3.8.25',
30 silly addNameRange     '4.0.0-rc4',
30 silly addNameRange     '4.0.0' ] ]
31 verbose addNamed [ 'mongoose', '4.0.0' ]
32 verbose addNamed [ '4.0.0', '4.0.0' ]
33 silly lockFile e6214c52-mongoose-4-0-0 mongoose@4.0.0
34 verbose lock mongoose@4.0.0 /home/matthias/.npm/e6214c52-mongoose-4-0-0.lock
35 silly lockFile 0c27b7eb--org-mongoose-mongoose-4-0-0-tgz https://registry.npmjs.org/mongoose/-/mongoose-4.0.0.tgz
36 verbose lock https://registry.npmjs.org/mongoose/-/mongoose-4.0.0.tgz /home/matthias/.npm/0c27b7eb--org-mongoose-mongoose-4-0-0-tgz.lock
37 verbose addRemoteTarball [ 'https://registry.npmjs.org/mongoose/-/mongoose-4.0.0.tgz',
37 verbose addRemoteTarball   '3af09b53355d07d7f08c27161c140246a368453d' ]
38 info retry fetch attempt 1 at 19:35:27
39 verbose fetch to= /tmp/npm-19229-hiGogRaF/registry.npmjs.org/mongoose/-/mongoose-4.0.0.tgz
40 http GET https://registry.npmjs.org/mongoose/-/mongoose-4.0.0.tgz
41 http 200 https://registry.npmjs.org/mongoose/-/mongoose-4.0.0.tgz
42 silly lockFile 0c27b7eb--org-mongoose-mongoose-4-0-0-tgz https://registry.npmjs.org/mongoose/-/mongoose-4.0.0.tgz
43 silly lockFile 0c27b7eb--org-mongoose-mongoose-4-0-0-tgz https://registry.npmjs.org/mongoose/-/mongoose-4.0.0.tgz
44 silly lockFile e6214c52-mongoose-4-0-0 mongoose@4.0.0
45 silly lockFile e6214c52-mongoose-4-0-0 mongoose@4.0.0
46 silly lockFile 3bb0fc31-mongoose mongoose@
47 silly lockFile 3bb0fc31-mongoose mongoose@
48 silly resolved [ { name: 'mongoose',
48 silly resolved     description: 'Mongoose MongoDB ODM',
48 silly resolved     version: '4.0.0',
48 silly resolved     author: { name: 'Guillermo Rauch', email: 'guillermo@learnboost.com' },
48 silly resolved     keywords:
48 silly resolved      [ 'mongodb',
48 silly resolved        'document',
48 silly resolved        'model',
48 silly resolved        'schema',
48 silly resolved        'database',
48 silly resolved        'odm',
48 silly resolved        'data',
48 silly resolved        'datastore',
48 silly resolved        'query',
48 silly resolved        'nosql',
48 silly resolved        'orm',
48 silly resolved        'db' ],
48 silly resolved     license: 'MIT',
48 silly resolved     dependencies:
48 silly resolved      { 'hooks-fixed': '1.0.1',
48 silly resolved        mongodb: '2.0.24',
48 silly resolved        ms: '0.1.0',
48 silly resolved        sliced: '0.0.5',
48 silly resolved        muri: '1.0.0',
48 silly resolved        mpromise: '0.5.4',
48 silly resolved        mpath: '0.1.1',
48 silly resolved        kareem: '1.0.0',
48 silly resolved        'regexp-clone': '0.0.1',
48 silly resolved        mquery: '1.4.0',
48 silly resolved        async: '0.9.0' },
48 silly resolved     devDependencies:
48 silly resolved      { acquit: '0.0.3',
48 silly resolved        benchmark: '1.0.0',
48 silly resolved        co: '3.1.0',
48 silly resolved        dox: '0.3.1',
48 silly resolved        'highlight.js': '7.0.1',
48 silly resolved        jade: '0.26.3',
48 silly resolved        markdown: '0.3.1',
48 silly resolved        marked: '0.3.2',
48 silly resolved        mocha: '1.20.0',
48 silly resolved        'node-static': '0.5.9',
48 silly resolved        open: '0.0.3',
48 silly resolved        tbd: '0.6.4',
48 silly resolved        'uglify-js': '2.4.15',
48 silly resolved        underscore: '1.5.2' },
48 silly resolved     browserDependencies:
48 silly resolved      { browserify: '4.1.10',
48 silly resolved        karma: '0.12.16',
48 silly resolved        'karma-chai': '0.1.0',
48 silly resolved        'karma-mocha': '0.1.4',
48 silly resolved        'karma-chrome-launcher': '0.1.4',
48 silly resolved        'karma-sauce-launcher': '0.2.8' },
48 silly resolved     directories: { lib: './lib/mongoose' },
48 silly resolved     scripts:
48 silly resolved      { 'install-browser': 'npm install `node format_deps.js`',
48 silly resolved        test: 'set MONGOOSE_DISABLE_STABILITY_WARNING=1 && mocha --async-only test/*.test.js' },
48 silly resolved     main: './index.js',
48 silly resolved     engines: { node: '>=0.6.19' },
48 silly resolved     bugs:
48 silly resolved      { url: 'https://github.com/learnboost/mongoose/issues/new',
48 silly resolved        email: 'mongoose-orm@googlegroups.com' },
48 silly resolved     repository: { type: 'git', url: 'git://github.com/LearnBoost/mongoose.git' },
48 silly resolved     publishConfig: { tag: 'unstable' },
48 silly resolved     homepage: 'http://mongoosejs.com',
48 silly resolved     browser: 'lib/browser.js',
48 silly resolved     gitHead: 'ddff80d8f3459fede8a0b1975798fc64c4640c4c',
48 silly resolved     _id: 'mongoose@4.0.0',
48 silly resolved     _shasum: '3af09b53355d07d7f08c27161c140246a368453d',
48 silly resolved     _from: 'mongoose@',
48 silly resolved     _npmVersion: '1.4.21',
48 silly resolved     _npmUser: { name: 'vkarpov15', email: 'val@karpov.io' },
48 silly resolved     maintainers: [ [Object], [Object], [Object], [Object], [Object] ],
48 silly resolved     dist:
48 silly resolved      { shasum: '3af09b53355d07d7f08c27161c140246a368453d',
48 silly resolved        tarball: 'http://registry.npmjs.org/mongoose/-/mongoose-4.0.0.tgz' },
48 silly resolved     _resolved: 'https://registry.npmjs.org/mongoose/-/mongoose-4.0.0.tgz' } ]
49 info install mongoose@4.0.0 into /usr/lib
50 info installOne mongoose@4.0.0
51 verbose lib/node_modules/mongoose unbuild
52 verbose tar unpack /home/matthias/.npm/mongoose/4.0.0/package.tgz
53 silly lockFile 0fda9051-ar-usr-lib-node-modules-mongoose tar:///usr/lib/node_modules/mongoose
54 verbose lock tar:///usr/lib/node_modules/mongoose /home/matthias/.npm/0fda9051-ar-usr-lib-node-modules-mongoose.lock
55 silly lockFile c68f657e-s-npm-mongoose-4-0-0-package-tgz tar:///home/matthias/.npm/mongoose/4.0.0/package.tgz
56 verbose lock tar:///home/matthias/.npm/mongoose/4.0.0/package.tgz /home/matthias/.npm/c68f657e-s-npm-mongoose-4-0-0-package-tgz.lock
57 silly gunzTarPerm modes [ '775', '664' ]
58 error Error: EACCES, mkdir '/usr/lib/node_modules/mongoose'
58 error  { [Error: EACCES, mkdir '/usr/lib/node_modules/mongoose']
58 error   errno: 3,
58 error   code: 'EACCES',
58 error   path: '/usr/lib/node_modules/mongoose',
58 error   fstream_type: 'Directory',
58 error   fstream_path: '/usr/lib/node_modules/mongoose',
58 error   fstream_class: 'DirWriter',
58 error   fstream_stack:
58 error    [ '/usr/lib/node_modules/npm/node_modules/fstream/lib/dir-writer.js:36:23',
58 error      '/usr/lib/node_modules/npm/node_modules/mkdirp/index.js:46:53',
58 error      'Object.oncomplete (fs.js:108:15)' ] }
59 error Please try running this command again as root/Administrator.
60 error System Linux 3.13.0-48-generic
61 error command "/usr/bin/node" "/usr/bin/npm" "install" "-g" "mongoose"
62 error cwd /home/matthias/dev/work/algorithmique_pour_le_web/stweb-project-base/backend
63 error node -v v0.10.37
64 error npm -v 1.4.28
65 error path /usr/lib/node_modules/mongoose
66 error fstream_path /usr/lib/node_modules/mongoose
67 error fstream_type Directory
68 error fstream_class DirWriter
69 error code EACCES
70 error errno 3
71 error stack Error: EACCES, mkdir '/usr/lib/node_modules/mongoose'
72 error fstream_stack /usr/lib/node_modules/npm/node_modules/fstream/lib/dir-writer.js:36:23
72 error fstream_stack /usr/lib/node_modules/npm/node_modules/mkdirp/index.js:46:53
72 error fstream_stack Object.oncomplete (fs.js:108:15)
73 verbose exit [ 3, true ]
